# JRE version: OpenJDK Runtime Environment JBR-11.0.13.7-1751.21-jcef (11.0.13+7) (build 11.0.13+7-b1751.21)
# Java VM: OpenJDK 64-Bit Server VM JBR-11.0.13.7-1751.21-jcef (11.0.13+7-b1751.21, mixed mode, tiered, compressed oops, g1 gc, windows-amd64)
Heap:
 garbage-first heap   total 131072K, used 9079K [0x00000000d1200000, 0x0000000100000000)
  region size 1024K, 5 young (5120K), 0 survivors (0K)
 Metaspace       used 20179K, capacity 20532K, committed 21552K, reserved 1069056K
  class space    used 1996K, capacity 2131K, committed 2432K, reserved 1048576K
GC Heap History (14 events):
Event: 1.491 GC heap before
{Heap before GC invocations=0 (full 0):
 garbage-first heap   total 131072K, used 7168K [0x00000000d1200000, 0x0000000100000000)
  region size 1024K, 7 young (7168K), 0 survivors (0K)
 Metaspace       used 9229K, capacity 9586K, committed 9728K, reserved 1058816K
  class space    used 899K, capacity 1006K, committed 1024K, reserved 1048576K
}
Event: 1.500 GC heap after
{Heap after GC invocations=1 (full 0):
 garbage-first heap   total 131072K, used 2893K [0x00000000d1200000, 0x0000000100000000)
  region size 1024K, 1 young (1024K), 1 survivors (1024K)
 Metaspace       used 9229K, capacity 9586K, committed 9728K, reserved 1058816K
  class space    used 899K, capacity 1006K, committed 1024K, reserved 1048576K
}
Event: 2.367 GC heap before
{Heap before GC invocations=1 (full 0):
 garbage-first heap   total 131072K, used 8013K [0x00000000d1200000, 0x0000000100000000)
  region size 1024K, 6 young (6144K), 1 survivors (1024K)
 Metaspace       used 10982K, capacity 11491K, committed 11648K, reserved 1058816K
  class space    used 1136K, capacity 1342K, committed 1408K, reserved 1048576K
}
Event: 2.373 GC heap after
{Heap after GC invocations=2 (full 0):
 garbage-first heap   total 131072K, used 3463K [0x00000000d1200000, 0x0000000100000000)
  region size 1024K, 1 young (1024K), 1 survivors (1024K)
 Metaspace       used 10982K, capacity 11491K, committed 11648K, reserved 1058816K
  class space    used 1136K, capacity 1342K, committed 1408K, reserved 1048576K
}
Event: 7.077 GC heap before
{Heap before GC invocations=2 (full 0):
 garbage-first heap   total 131072K, used 15751K [0x00000000d1200000, 0x0000000100000000)
  region size 1024K, 14 young (14336K), 1 survivors (1024K)
 Metaspace       used 19381K, capacity 20008K, committed 20224K, reserved 1067008K
  class space    used 2047K, capacity 2304K, committed 2304K, reserved 1048576K
}
Event: 7.087 GC heap after
{Heap after GC invocations=3 (full 0):
 garbage-first heap   total 131072K, used 5478K [0x00000000d1200000, 0x0000000100000000)
  region size 1024K, 2 young (2048K), 2 survivors (2048K)
 Metaspace       used 19381K, capacity 20008K, committed 20224K, reserved 1067008K
  class space    used 2047K, capacity 2304K, committed 2304K, reserved 1048576K
}
Event: 2293.729 GC heap before
{Heap before GC invocations=3 (full 0):
 garbage-first heap   total 131072K, used 14694K [0x00000000d1200000, 0x0000000100000000)
  region size 1024K, 12 young (12288K), 2 survivors (2048K)
 Metaspace       used 20545K, capacity 21114K, committed 21296K, reserved 1069056K
  class space    used 2113K, capacity 2356K, committed 2432K, reserved 1048576K
}
Event: 2293.738 GC heap after
{Heap after GC invocations=4 (full 0):
 garbage-first heap   total 131072K, used 6125K [0x00000000d1200000, 0x0000000100000000)
  region size 1024K, 1 young (1024K), 1 survivors (1024K)
 Metaspace       used 20545K, capacity 21114K, committed 21296K, reserved 1069056K
  class space    used 2113K, capacity 2356K, committed 2432K, reserved 1048576K
}
Event: 5893.749 GC heap before
{Heap before GC invocations=5 (full 0):
 garbage-first heap   total 131072K, used 11245K [0x00000000d1200000, 0x0000000100000000)
  region size 1024K, 7 young (7168K), 1 survivors (1024K)
 Metaspace       used 20444K, capacity 20947K, committed 21552K, reserved 1069056K
  class space    used 2067K, capacity 2267K, committed 2432K, reserved 1048576K
}
Event: 5893.779 GC heap after
{Heap after GC invocations=6 (full 1):
 garbage-first heap   total 131072K, used 4989K [0x00000000d1200000, 0x0000000100000000)
  region size 1024K, 0 young (0K), 0 survivors (0K)
 Metaspace       used 20135K, capacity 20468K, committed 21552K, reserved 1069056K
  class space    used 1996K, capacity 2131K, committed 2432K, reserved 1048576K
}
Event: 9493.796 GC heap before
{Heap before GC invocations=6 (full 1):
 garbage-first heap   total 131072K, used 9085K [0x00000000d1200000, 0x0000000100000000)
  region size 1024K, 5 young (5120K), 0 survivors (0K)
 Metaspace       used 20170K, capacity 20532K, committed 21552K, reserved 1069056K
  class space    used 1996K, capacity 2131K, committed 2432K, reserved 1048576K
}
Event: 9493.844 GC heap after
{Heap after GC invocations=7 (full 2):
 garbage-first heap   total 131072K, used 4982K [0x00000000d1200000, 0x0000000100000000)
  region size 1024K, 0 young (0K), 0 survivors (0K)
 Metaspace       used 20170K, capacity 20532K, committed 21552K, reserved 1069056K
  class space    used 1996K, capacity 2131K, committed 2432K, reserved 1048576K
}
Event: 13093.878 GC heap before
{Heap before GC invocations=7 (full 2):
 garbage-first heap   total 131072K, used 9078K [0x00000000d1200000, 0x0000000100000000)
  region size 1024K, 5 young (5120K), 0 survivors (0K)
 Metaspace       used 20179K, capacity 20532K, committed 21552K, reserved 1069056K
  class space    used 1996K, capacity 2131K, committed 2432K, reserved 1048576K
}
Event: 13093.899 GC heap after
{Heap after GC invocations=8 (full 3):
 garbage-first heap   total 131072K, used 4983K [0x00000000d1200000, 0x0000000100000000)
  region size 1024K, 0 young (0K), 0 survivors (0K)
 Metaspace       used 20179K, capacity 20532K, committed 21552K, reserved 1069056K
  class space    used 1996K, capacity 2131K, committed 2432K, reserved 1048576K
}

